[0.091s] Invoking command in '/home/bmes-endoscope-25/temp_ws/build/mprls_imu_node': CMAKE_PREFIX_PATH=${CMAKE_PREFIX_PATH}:/opt/ros/jazzy DEBUGINFOD_URLS=https://debuginfod.ubuntu.com /usr/bin/cmake /home/bmes-endoscope-25/temp_ws/src/mprls_imu_node -DCMAKE_INSTALL_PREFIX=/home/bmes-endoscope-25/temp_ws/install/mprls_imu_node
[1.183s] -- The C compiler identification is GNU 13.3.0
[2.101s] -- The CXX compiler identification is GNU 13.3.0
[2.226s] -- Detecting C compiler ABI info
[2.831s] -- Detecting C compiler ABI info - done
[2.872s] -- Check for working C compiler: /usr/bin/cc - skipped
[2.876s] -- Detecting C compile features
[2.879s] -- Detecting C compile features - done
[2.937s] -- Detecting CXX compiler ABI info
[3.525s] -- Detecting CXX compiler ABI info - done
[3.568s] -- Check for working CXX compiler: /usr/bin/c++ - skipped
[3.569s] -- Detecting CXX compile features
[3.571s] -- Detecting CXX compile features - done
[3.604s] -- Found ament_cmake: 2.5.3 (/opt/ros/jazzy/share/ament_cmake/cmake)
[4.430s] -- Found Python3: /usr/bin/python3 (found version "3.12.3") found components: Interpreter 
[5.242s] -- Found ament_lint_auto: 0.17.1 (/opt/ros/jazzy/share/ament_lint_auto/cmake)
[5.902s] -- Added test 'cppcheck' to perform static code analysis on C / C++ code
[5.903s] -- Configured cppcheck include dirs: /home/bmes-endoscope-25/temp_ws/src/mprls_imu_node/include
[5.903s] -- Configured cppcheck exclude dirs and/or files: 
[5.909s] -- Added test 'lint_cmake' to check CMake code style
[5.918s] -- Added test 'uncrustify' to check C / C++ code style
[5.919s] -- Configured uncrustify additional arguments: 
[5.923s] -- Added test 'xmllint' to check XML markup files
[5.932s] -- Configuring done (5.5s)
[5.972s] -- Generating done (0.0s)
[5.982s] -- Build files have been written to: /home/bmes-endoscope-25/temp_ws/build/mprls_imu_node
[6.000s] Invoked command in '/home/bmes-endoscope-25/temp_ws/build/mprls_imu_node' returned '0': CMAKE_PREFIX_PATH=${CMAKE_PREFIX_PATH}:/opt/ros/jazzy DEBUGINFOD_URLS=https://debuginfod.ubuntu.com /usr/bin/cmake /home/bmes-endoscope-25/temp_ws/src/mprls_imu_node -DCMAKE_INSTALL_PREFIX=/home/bmes-endoscope-25/temp_ws/install/mprls_imu_node
[6.006s] Invoking command in '/home/bmes-endoscope-25/temp_ws/build/mprls_imu_node': CMAKE_PREFIX_PATH=${CMAKE_PREFIX_PATH}:/opt/ros/jazzy DEBUGINFOD_URLS=https://debuginfod.ubuntu.com /usr/bin/cmake --build /home/bmes-endoscope-25/temp_ws/build/mprls_imu_node -- -j4 -l4
[6.298s] [ 33%] [32mBuilding CXX object CMakeFiles/test_tca.dir/src/TCA9548A.cpp.o[0m
[6.302s] [ 66%] [32mBuilding CXX object CMakeFiles/test_tca.dir/src/test_TCA.cpp.o[0m
[6.368s] [01m[K/home/bmes-endoscope-25/temp_ws/src/mprls_imu_node/src/test_TCA.cpp:1:10:[m[K [01;31m[Kfatal error: [m[Kmprls_node/TCA9548A.hpp: No such file or directory
[6.373s]     1 | #include [01;31m[K"mprls_node/TCA9548A.hpp"[m[K
[6.373s]       |          [01;31m[K^~~~~~~~~~~~~~~~~~~~~~~~~[m[K
[6.374s] compilation terminated.
[6.375s] gmake[2]: *** [CMakeFiles/test_tca.dir/build.make:90: CMakeFiles/test_tca.dir/src/test_TCA.cpp.o] Error 1
[6.375s] gmake[2]: *** Waiting for unfinished jobs....
[8.068s] gmake[1]: *** [CMakeFiles/Makefile2:85: CMakeFiles/test_tca.dir/all] Error 2
[8.069s] gmake: *** [Makefile:146: all] Error 2
[8.084s] Invoked command in '/home/bmes-endoscope-25/temp_ws/build/mprls_imu_node' returned '2': CMAKE_PREFIX_PATH=${CMAKE_PREFIX_PATH}:/opt/ros/jazzy DEBUGINFOD_URLS=https://debuginfod.ubuntu.com /usr/bin/cmake --build /home/bmes-endoscope-25/temp_ws/build/mprls_imu_node -- -j4 -l4
