[01m[K/home/bmes-endoscope-25/temp_ws/src/mprls_imu_node/src/test_TCA.cpp:[m[K In function â€˜[01m[Kint[01;32m[K main[m[K()[m[Kâ€™:
[01m[K/home/bmes-endoscope-25/temp_ws/src/mprls_imu_node/src/test_TCA.cpp:17:42:[m[K [01;31m[Kerror: [m[Kexpected â€˜[01m[K;[m[Kâ€™ before â€˜[01m[Kstatic_cast[m[Kâ€™
   17 |         std::cout << "enabling channel: "[01;31m[K [m[K[32m[Kstatic_cast[m[K<int>(ch) << std::endl;
      |                                          [01;31m[K^[m[K[32m[K~~~~~~~~~~~[m[K
      |                                          [32m[K;[m[K
gmake[2]: *** [CMakeFiles/test_tca.dir/build.make:90: CMakeFiles/test_tca.dir/src/test_TCA.cpp.o] Error 1
gmake[1]: *** [CMakeFiles/Makefile2:85: CMakeFiles/test_tca.dir/all] Error 2
gmake: *** [Makefile:146: all] Error 2
