[0.083s] Invoking command in '/home/bmes-endoscope-25/temp_ws/build/mprls_imu_node': CMAKE_PREFIX_PATH=${CMAKE_PREFIX_PATH}:/opt/ros/jazzy DEBUGINFOD_URLS=https://debuginfod.ubuntu.com /usr/bin/cmake --build /home/bmes-endoscope-25/temp_ws/build/mprls_imu_node -- -j4 -l4
[0.401s] [ 33%] [32mBuilding CXX object CMakeFiles/test_tca.dir/src/TCA9548A.cpp.o[0m
[0.402s] [ 66%] [32mBuilding CXX object CMakeFiles/test_tca.dir/src/test_TCA.cpp.o[0m
[2.097s] [01m[K/home/bmes-endoscope-25/temp_ws/src/mprls_imu_node/src/test_TCA.cpp:[m[K In function â€˜[01m[Kint[01;32m[K main[m[K()[m[Kâ€™:
[2.098s] [01m[K/home/bmes-endoscope-25/temp_ws/src/mprls_imu_node/src/test_TCA.cpp:17:42:[m[K [01;31m[Kerror: [m[Kexpected â€˜[01m[K;[m[Kâ€™ before â€˜[01m[Kstatic_cast[m[Kâ€™
[2.098s]    17 |         std::cout << "enabling channel: "[01;31m[K [m[K[32m[Kstatic_cast[m[K<int>(ch) << std::endl;
[2.099s]       |                                          [01;31m[K^[m[K[32m[K~~~~~~~~~~~[m[K
[2.100s]       |                                          [32m[K;[m[K
[2.261s] gmake[2]: *** [CMakeFiles/test_tca.dir/build.make:90: CMakeFiles/test_tca.dir/src/test_TCA.cpp.o] Error 1
[2.262s] gmake[1]: *** [CMakeFiles/Makefile2:85: CMakeFiles/test_tca.dir/all] Error 2
[2.263s] gmake: *** [Makefile:146: all] Error 2
[2.271s] Invoked command in '/home/bmes-endoscope-25/temp_ws/build/mprls_imu_node' returned '2': CMAKE_PREFIX_PATH=${CMAKE_PREFIX_PATH}:/opt/ros/jazzy DEBUGINFOD_URLS=https://debuginfod.ubuntu.com /usr/bin/cmake --build /home/bmes-endoscope-25/temp_ws/build/mprls_imu_node -- -j4 -l4
