[0.084s] Invoking command in '/home/bmes-endoscope-25/temp_ws/build/mprls_imu_node': CMAKE_PREFIX_PATH=${CMAKE_PREFIX_PATH}:/opt/ros/jazzy DEBUGINFOD_URLS=https://debuginfod.ubuntu.com /usr/bin/cmake --build /home/bmes-endoscope-25/temp_ws/build/mprls_imu_node -- -j4 -l4
[0.230s] -- Found ament_cmake: 2.5.3 (/opt/ros/jazzy/share/ament_cmake/cmake)
[1.394s] -- Found rclcpp: 28.1.6 (/opt/ros/jazzy/share/rclcpp/cmake)
[1.571s] -- Found rosidl_generator_c: 4.6.5 (/opt/ros/jazzy/share/rosidl_generator_c/cmake)
[1.611s] -- Found rosidl_generator_cpp: 4.6.5 (/opt/ros/jazzy/share/rosidl_generator_cpp/cmake)
[1.666s] -- Using all available rosidl_typesupport_c: rosidl_typesupport_fastrtps_c;rosidl_typesupport_introspection_c
[1.732s] -- Using all available rosidl_typesupport_cpp: rosidl_typesupport_fastrtps_cpp;rosidl_typesupport_introspection_cpp
[1.990s] -- Found rmw_implementation_cmake: 7.3.1 (/opt/ros/jazzy/share/rmw_implementation_cmake/cmake)
[1.995s] -- Found rmw_fastrtps_cpp: 8.4.1 (/opt/ros/jazzy/share/rmw_fastrtps_cpp/cmake)
[2.310s] -- Using RMW implementation 'rmw_fastrtps_cpp' as default
[2.570s] -- Found std_msgs: 5.3.5 (/opt/ros/jazzy/share/std_msgs/cmake)
[2.620s] -- Found rosidl_default_generators: 1.6.0 (/opt/ros/jazzy/share/rosidl_default_generators/cmake)
[2.666s] -- Found rosidl_adapter: 4.6.5 (/opt/ros/jazzy/share/rosidl_adapter/cmake)
[5.730s] -- Found ament_cmake_ros: 0.12.0 (/opt/ros/jazzy/share/ament_cmake_ros/cmake)
[9.625s] -- Using all available rosidl_typesupport_c: rosidl_typesupport_fastrtps_c;rosidl_typesupport_introspection_c
[11.128s] -- Using all available rosidl_typesupport_cpp: rosidl_typesupport_fastrtps_cpp;rosidl_typesupport_introspection_cpp
[11.159s] -- Found python_cmake_module: 0.11.1 (/opt/ros/jazzy/share/python_cmake_module/cmake)
[11.900s] -- Found PythonExtra: /usr/bin/python3  
[14.267s] -- Found Python3: /usr/bin/python3 (found version "3.12.3") found components: Interpreter Development NumPy Development.Module Development.Embed 
[14.447s] [0mCMake Deprecation Warning at /opt/ros/jazzy/share/rosidl_cmake/cmake/rosidl_target_interfaces.cmake:32 (message):
[14.448s]   Use rosidl_get_typesupport_target() and target_link_libraries() instead of
[14.448s]   rosidl_target_interfaces().  i.e:
[14.449s] 
[14.449s]     rosidl_get_typesupport_target(cpp_typesupport_target "${PROJECT_NAME}" "rosidl_typesupport_cpp")
[14.449s]     target_link_libraries(${PROJECT_NAME}_node "${cpp_typesupport_target}")
[14.450s] 
[14.450s] Call Stack (most recent call first):
[14.450s]   CMakeLists.txt:49 (rosidl_target_interfaces)
[14.451s] 
[14.451s] [0m
[14.451s] -- Found ament_lint_auto: 0.17.1 (/opt/ros/jazzy/share/ament_lint_auto/cmake)
[14.516s] -- Added test 'cppcheck' to perform static code analysis on C / C++ code
[14.520s] -- Configured cppcheck include dirs: /home/bmes-endoscope-25/temp_ws/src/mprls_imu_node/include;$<BUILD_INTERFACE:/home/bmes-endoscope-25/temp_ws/src/mprls_imu_node/include>
[14.521s] -- Configured cppcheck exclude dirs and/or files: 
[14.526s] -- Added test 'lint_cmake' to check CMake code style
[14.536s] -- Added test 'uncrustify' to check C / C++ code style
[14.536s] -- Configured uncrustify additional arguments: 
[14.538s] -- Added test 'xmllint' to check XML markup files
[14.552s] -- Configuring done (14.4s)
[14.824s] -- Generating done (0.2s)
[14.886s] -- Build files have been written to: /home/bmes-endoscope-25/temp_ws/build/mprls_imu_node
[15.184s] [  4%] [32mBuilding CXX object CMakeFiles/sensor_drivers.dir/src/Adafruit_MPRLS.cpp.o[0m
[15.185s] [  4%] [34m[1mGenerating type hashes for ROS interfaces[0m
[15.198s] [  7%] [32mBuilding CXX object CMakeFiles/test_tca.dir/src/TCA9548A.cpp.o[0m
[15.230s] [  7%] Built target ament_cmake_python_copy_mprls_imu_node
[15.321s] [  9%] [32mBuilding CXX object CMakeFiles/test_tca.dir/src/test_TCA.cpp.o[0m
[15.736s] [01m[K/home/bmes-endoscope-25/temp_ws/src/mprls_imu_node/src/Adafruit_MPRLS.cpp:2:10:[m[K [01;31m[Kfatal error: [m[Kfnctl.h: No such file or directory
[15.737s]     2 | #include [01;31m[K<fnctl.h>[m[K
[15.741s]       |          [01;31m[K^~~~~~~~~[m[K
[15.742s] compilation terminated.
[15.751s] gmake[2]: *** [CMakeFiles/sensor_drivers.dir/build.make:76: CMakeFiles/sensor_drivers.dir/src/Adafruit_MPRLS.cpp.o] Error 1
[15.760s] gmake[1]: *** [CMakeFiles/Makefile2:627: CMakeFiles/sensor_drivers.dir/all] Error 2
[15.762s] gmake[1]: *** Waiting for unfinished jobs....
[16.617s] [  9%] Built target mprls_imu_node__rosidl_generator_type_description
[17.585s] [ 11%] [32m[1mLinking CXX executable test_tca[0m
[17.992s] [ 11%] Built target test_tca
[17.997s] gmake: *** [Makefile:146: all] Error 2
[18.007s] Invoked command in '/home/bmes-endoscope-25/temp_ws/build/mprls_imu_node' returned '2': CMAKE_PREFIX_PATH=${CMAKE_PREFIX_PATH}:/opt/ros/jazzy DEBUGINFOD_URLS=https://debuginfod.ubuntu.com /usr/bin/cmake --build /home/bmes-endoscope-25/temp_ws/build/mprls_imu_node -- -j4 -l4
