[ 33%] [32mBuilding CXX object CMakeFiles/test_tca.dir/src/TCA9548A.cpp.o[0m
[ 66%] [32mBuilding CXX object CMakeFiles/test_tca.dir/src/test_TCA.cpp.o[0m
[01m[K/home/bmes-endoscope-25/temp_ws/src/mprls_imu_node/src/TCA9548A.cpp:1:10:[m[K [01;31m[Kfatal error: [m[KTCA9548A.hpp: No such file or directory
    1 | #include [01;31m[K"TCA9548A.hpp"[m[K
      |          [01;31m[K^~~~~~~~~~~~~~[m[K
[01m[K/home/bmes-endoscope-25/temp_ws/src/mprls_imu_node/src/test_TCA.cpp:1:10:[m[K [01;31m[Kfatal error: [m[KTCA9548A.hpp: No such file or directory
    1 | #include [01;31m[K"TCA9548A.hpp"[m[K
      |          [01;31m[K^~~~~~~~~~~~~~[m[K
compilation terminated.
compilation terminated.
gmake[2]: *** [CMakeFiles/test_tca.dir/build.make:90: CMakeFiles/test_tca.dir/src/test_TCA.cpp.o] Error 1
gmake[2]: *** Waiting for unfinished jobs....
gmake[2]: *** [CMakeFiles/test_tca.dir/build.make:76: CMakeFiles/test_tca.dir/src/TCA9548A.cpp.o] Error 1
gmake[1]: *** [CMakeFiles/Makefile2:85: CMakeFiles/test_tca.dir/all] Error 2
gmake: *** [Makefile:146: all] Error 2
